native_mobile_app/android/app/build/intermediates/manifest_merge_blame_file/debug/manifest-merger-blame-debug-report.txt
1<?xml version="1.0" encoding="utf-8"?>
2<manifest xmlns:android="http://schemas.android.com/apk/res/android"
3    package="com.gpstracker.nativeapp"
4    android:versionCode="1"
5    android:versionName="1.0.0" >
6
7    <uses-sdk
8        android:minSdkVersion="23"
9        android:targetSdkVersion="30" />
10
11    <uses-permission android:name="android.permission.SYSTEM_ALERT_WINDOW" />
11-->src\main\AndroidManifest.xml:4:3-75
11-->src\main\AndroidManifest.xml:4:20-73
12    <uses-permission android:name="android.permission.INTERNET" />
12-->src\main\AndroidManifest.xml:2:3-64
12-->src\main\AndroidManifest.xml:2:20-62
13    <uses-permission android:name="android.permission.READ_EXTERNAL_STORAGE" />
13-->src\main\AndroidManifest.xml:3:3-77
13-->src\main\AndroidManifest.xml:3:20-75
14    <uses-permission android:name="android.permission.VIBRATE" />
14-->src\main\AndroidManifest.xml:5:3-63
14-->src\main\AndroidManifest.xml:5:20-61
15    <uses-permission android:name="android.permission.WRITE_EXTERNAL_STORAGE" />
15-->src\main\AndroidManifest.xml:6:3-78
15-->src\main\AndroidManifest.xml:6:20-76
16    <uses-permission android:name="android.permission.ACCESS_FINE_LOCATION" />
16-->src\main\AndroidManifest.xml:7:3-76
16-->src\main\AndroidManifest.xml:7:20-74
17    <uses-permission android:name="android.permission.ACCESS_COARSE_LOCATION" />
17-->src\main\AndroidManifest.xml:8:3-78
17-->src\main\AndroidManifest.xml:8:20-76
18    <uses-permission android:name="android.permission.ACCESS_BACKGROUND_LOCATION" />
18-->src\main\AndroidManifest.xml:9:3-83
18-->src\main\AndroidManifest.xml:9:20-80
19    <uses-permission android:name="android.hardware.location.gps" />
19-->src\main\AndroidManifest.xml:10:3-66
19-->src\main\AndroidManifest.xml:10:20-64
20
21    <queries>
21-->src\main\AndroidManifest.xml:11:3-17:13
22        <intent>
22-->src\main\AndroidManifest.xml:12:5-16:14
23            <action android:name="android.intent.action.VIEW" />
23-->src\main\AndroidManifest.xml:13:7-58
23-->src\main\AndroidManifest.xml:13:15-56
24
25            <category android:name="android.intent.category.BROWSABLE" />
25-->src\main\AndroidManifest.xml:14:7-67
25-->src\main\AndroidManifest.xml:14:17-65
26
27            <data android:scheme="https" />
27-->src\main\AndroidManifest.xml:15:7-37
27-->src\main\AndroidManifest.xml:15:13-35
28        </intent>
29        <!-- Query open documents -->
30        <intent>
30-->[:expo-file-system] AndroidManifest.xml:19:9-21:18
31            <action android:name="android.intent.action.OPEN_DOCUMENT_TREE" />
31-->[:expo-file-system] AndroidManifest.xml:20:13-79
31-->[:expo-file-system] AndroidManifest.xml:20:21-76
32        </intent>
33    </queries>
34
35    <uses-permission android:name="android.permission.ACCESS_WIFI_STATE" />
35-->[com.facebook.flipper:flipper:0.54.0] AndroidManifest.xml:16:5-76
35-->[com.facebook.flipper:flipper:0.54.0] AndroidManifest.xml:16:22-73
36    <uses-permission android:name="android.permission.WAKE_LOCK" />
36-->[:react-native-firebase_auth] AndroidManifest.xml:12:5-68
36-->[:react-native-firebase_auth] AndroidManifest.xml:12:22-65
37    <uses-permission android:name="android.permission.ACCESS_NETWORK_STATE" />
37-->[:react-native-firebase_auth] AndroidManifest.xml:13:5-79
37-->[:react-native-firebase_auth] AndroidManifest.xml:13:22-76
38    <uses-permission android:name="android.permission.FOREGROUND_SERVICE" />
38-->[:expo-location] AndroidManifest.xml:13:5-77
38-->[:expo-location] AndroidManifest.xml:13:22-74
39
40    <uses-feature
40-->[com.mapbox.mapboxsdk:mapbox-android-sdk:9.1.0] AndroidManifest.xml:9:5-11:35
41        android:glEsVersion="0x00020000"
41-->[com.mapbox.mapboxsdk:mapbox-android-sdk:9.1.0] AndroidManifest.xml:10:9-41
42        android:required="true" />
42-->[com.mapbox.mapboxsdk:mapbox-android-sdk:9.1.0] AndroidManifest.xml:11:9-32
43    <uses-feature
43-->[com.mapbox.mapboxsdk:mapbox-android-sdk:9.1.0] AndroidManifest.xml:12:5-14:36
44        android:name="android.hardware.wifi"
44-->[com.mapbox.mapboxsdk:mapbox-android-sdk:9.1.0] AndroidManifest.xml:13:9-45
45        android:required="false" />
45-->[com.mapbox.mapboxsdk:mapbox-android-sdk:9.1.0] AndroidManifest.xml:14:9-33
46
47    <uses-permission android:name="com.google.android.finsky.permission.BIND_GET_INSTALL_REFERRER_SERVICE" />
47-->[com.google.android.gms:play-services-measurement:20.0.0] AndroidManifest.xml:26:5-110
47-->[com.google.android.gms:play-services-measurement:20.0.0] AndroidManifest.xml:26:22-107
48    <uses-permission android:name="com.google.android.providers.gsf.permission.READ_GSERVICES" />
48-->[io.nlopez.smartlocation:library:3.2.11] AndroidManifest.xml:15:5-98
48-->[io.nlopez.smartlocation:library:3.2.11] AndroidManifest.xml:15:22-95
49    <uses-permission android:name="com.google.android.gms.permission.ACTIVITY_RECOGNITION" />
49-->[io.nlopez.smartlocation:library:3.2.11] AndroidManifest.xml:16:5-94
49-->[io.nlopez.smartlocation:library:3.2.11] AndroidManifest.xml:16:22-91
50
51    <application
51-->src\main\AndroidManifest.xml:18:3-37:17
52        android:name="com.gpstracker.nativeapp.MainApplication"
52-->src\main\AndroidManifest.xml:18:16-47
53        android:allowBackup="true"
53-->src\main\AndroidManifest.xml:18:162-188
54        android:appComponentFactory="androidx.core.app.CoreComponentFactory"
54-->[androidx.core:core:1.6.0] AndroidManifest.xml:24:18-86
55        android:debuggable="true"
56        android:extractNativeLibs="false"
57        android:icon="@mipmap/ic_launcher"
57-->src\main\AndroidManifest.xml:18:81-115
58        android:label="@string/app_name"
58-->src\main\AndroidManifest.xml:18:48-80
59        android:roundIcon="@mipmap/ic_launcher_round"
59-->src\main\AndroidManifest.xml:18:116-161
60        android:theme="@style/AppTheme"
60-->src\main\AndroidManifest.xml:18:189-220
61        android:usesCleartextTraffic="true" >
61-->src\main\AndroidManifest.xml:18:221-256
62        <meta-data
62-->src\main\AndroidManifest.xml:19:5-82
63            android:name="expo.modules.updates.ENABLED"
63-->src\main\AndroidManifest.xml:19:16-59
64            android:value="true" />
64-->src\main\AndroidManifest.xml:19:60-80
65        <meta-data
65-->src\main\AndroidManifest.xml:20:5-93
66            android:name="expo.modules.updates.EXPO_SDK_VERSION"
66-->src\main\AndroidManifest.xml:20:16-68
67            android:value="43.0.0" />
67-->src\main\AndroidManifest.xml:20:69-91
68        <meta-data
68-->src\main\AndroidManifest.xml:21:5-105
69            android:name="expo.modules.updates.EXPO_UPDATES_CHECK_ON_LAUNCH"
69-->src\main\AndroidManifest.xml:21:16-80
70            android:value="ALWAYS" />
70-->src\main\AndroidManifest.xml:21:81-103
71        <meta-data
71-->src\main\AndroidManifest.xml:22:5-99
72            android:name="expo.modules.updates.EXPO_UPDATES_LAUNCH_WAIT_MS"
72-->src\main\AndroidManifest.xml:22:16-79
73            android:value="0" />
73-->src\main\AndroidManifest.xml:22:80-97
74        <meta-data
74-->src\main\AndroidManifest.xml:23:5-123
75            android:name="expo.modules.updates.EXPO_UPDATE_URL"
75-->src\main\AndroidManifest.xml:23:16-67
76            android:value="https://exp.host/@anonymous/nativeApp" />
76-->src\main\AndroidManifest.xml:23:68-121
77
78        <activity
78-->src\main\AndroidManifest.xml:24:5-35:16
79            android:name="com.gpstracker.nativeapp.MainActivity"
79-->src\main\AndroidManifest.xml:24:15-43
80            android:configChanges="keyboard|keyboardHidden|orientation|screenSize|uiMode"
80-->src\main\AndroidManifest.xml:24:77-154
81            android:label="@string/app_name"
81-->src\main\AndroidManifest.xml:24:44-76
82            android:launchMode="singleTask"
82-->src\main\AndroidManifest.xml:24:155-186
83            android:screenOrientation="portrait"
83-->src\main\AndroidManifest.xml:24:276-312
84            android:theme="@style/Theme.App.SplashScreen"
84-->src\main\AndroidManifest.xml:24:230-275
85            android:windowSoftInputMode="adjustResize" >
85-->src\main\AndroidManifest.xml:24:187-229
86            <intent-filter>
86-->src\main\AndroidManifest.xml:25:7-28:23
87                <action android:name="android.intent.action.MAIN" />
87-->src\main\AndroidManifest.xml:26:9-60
87-->src\main\AndroidManifest.xml:26:17-58
88
89                <category android:name="android.intent.category.LAUNCHER" />
89-->src\main\AndroidManifest.xml:27:9-68
89-->src\main\AndroidManifest.xml:27:19-66
90            </intent-filter>
91            <intent-filter>
91-->src\main\AndroidManifest.xml:29:7-34:23
92                <action android:name="android.intent.action.VIEW" />
92-->src\main\AndroidManifest.xml:13:7-58
92-->src\main\AndroidManifest.xml:13:15-56
93
94                <category android:name="android.intent.category.DEFAULT" />
94-->src\main\AndroidManifest.xml:31:9-67
94-->src\main\AndroidManifest.xml:31:19-65
95                <category android:name="android.intent.category.BROWSABLE" />
95-->src\main\AndroidManifest.xml:14:7-67
95-->src\main\AndroidManifest.xml:14:17-65
96
97                <data android:scheme="com.gpstracker.nativeapp" />
97-->src\main\AndroidManifest.xml:15:7-37
97-->src\main\AndroidManifest.xml:15:13-35
98            </intent-filter>
99        </activity>
100        <activity android:name="com.facebook.react.devsupport.DevSettingsActivity" />
100-->src\main\AndroidManifest.xml:36:5-81
100-->src\main\AndroidManifest.xml:36:15-79
101
102        <meta-data
102-->[:react-native-firebase_app] AndroidManifest.xml:12:9-14:36
103            android:name="app_data_collection_default_enabled"
103-->[:react-native-firebase_app] AndroidManifest.xml:13:13-63
104            android:value="true" />
104-->[:react-native-firebase_app] AndroidManifest.xml:14:13-33
105
106        <service
106-->[:react-native-firebase_app] AndroidManifest.xml:16:9-20:19
107            android:name="com.google.firebase.components.ComponentDiscoveryService"
107-->[:react-native-firebase_app] AndroidManifest.xml:16:18-89
108            android:directBootAware="true"
108-->[com.google.firebase:firebase-common:20.0.0] AndroidManifest.xml:35:13-43
109            android:exported="false" >
109-->[com.google.firebase:firebase-auth:21.0.1] AndroidManifest.xml:76:13-37
110            <meta-data
110-->[:react-native-firebase_app] AndroidManifest.xml:17:13-19:85
111                android:name="com.google.firebase.components:io.invertase.firebase.app.ReactNativeFirebaseAppRegistrar"
111-->[:react-native-firebase_app] AndroidManifest.xml:18:17-120
112                android:value="com.google.firebase.components.ComponentRegistrar" />
112-->[:react-native-firebase_app] AndroidManifest.xml:19:17-82
113            <meta-data
113-->[com.google.firebase:firebase-auth:21.0.1] AndroidManifest.xml:77:13-79:85
114                android:name="com.google.firebase.components:com.google.firebase.auth.FirebaseAuthRegistrar"
114-->[com.google.firebase:firebase-auth:21.0.1] AndroidManifest.xml:78:17-109
115                android:value="com.google.firebase.components.ComponentRegistrar" />
115-->[com.google.firebase:firebase-auth:21.0.1] AndroidManifest.xml:79:17-82
116            <meta-data
116-->[com.google.firebase:firebase-firestore:24.0.0] AndroidManifest.xml:20:13-22:85
117                android:name="com.google.firebase.components:com.google.firebase.firestore.FirestoreRegistrar"
117-->[com.google.firebase:firebase-firestore:24.0.0] AndroidManifest.xml:21:17-111
118                android:value="com.google.firebase.components.ComponentRegistrar" />
118-->[com.google.firebase:firebase-firestore:24.0.0] AndroidManifest.xml:22:17-82
119            <meta-data
119-->[com.google.firebase:firebase-database:20.0.3] AndroidManifest.xml:32:13-34:85
120                android:name="com.google.firebase.components:com.google.firebase.database.DatabaseRegistrar"
120-->[com.google.firebase:firebase-database:20.0.3] AndroidManifest.xml:33:17-109
121                android:value="com.google.firebase.components.ComponentRegistrar" />
121-->[com.google.firebase:firebase-database:20.0.3] AndroidManifest.xml:34:17-82
122            <meta-data
122-->[com.google.android.gms:play-services-measurement-api:20.0.0] AndroidManifest.xml:30:13-32:85
123                android:name="com.google.firebase.components:com.google.firebase.analytics.connector.internal.AnalyticsConnectorRegistrar"
123-->[com.google.android.gms:play-services-measurement-api:20.0.0] AndroidManifest.xml:31:17-139
124                android:value="com.google.firebase.components.ComponentRegistrar" />
124-->[com.google.android.gms:play-services-measurement-api:20.0.0] AndroidManifest.xml:32:17-82
125            <meta-data
125-->[com.google.firebase:firebase-installations:17.0.0] AndroidManifest.xml:18:13-20:85
126                android:name="com.google.firebase.components:com.google.firebase.installations.FirebaseInstallationsRegistrar"
126-->[com.google.firebase:firebase-installations:17.0.0] AndroidManifest.xml:19:17-127
127                android:value="com.google.firebase.components.ComponentRegistrar" />
127-->[com.google.firebase:firebase-installations:17.0.0] AndroidManifest.xml:20:17-82
128        </service>
129
130        <provider
130-->[:react-native-firebase_app] AndroidManifest.xml:22:9-26:38
131            android:name="io.invertase.firebase.app.ReactNativeFirebaseAppInitProvider"
131-->[:react-native-firebase_app] AndroidManifest.xml:23:13-88
132            android:authorities="com.gpstracker.nativeapp.reactnativefirebaseappinitprovider"
132-->[:react-native-firebase_app] AndroidManifest.xml:24:13-86
133            android:exported="false"
133-->[:react-native-firebase_app] AndroidManifest.xml:25:13-37
134            android:initOrder="99" />
134-->[:react-native-firebase_app] AndroidManifest.xml:26:13-35
135        <provider
135-->[:expo-file-system] AndroidManifest.xml:25:9-34:20
136            android:name="expo.modules.filesystem.FileSystemFileProvider"
136-->[:expo-file-system] AndroidManifest.xml:26:13-74
137            android:authorities="com.gpstracker.nativeapp.FileSystemFileProvider"
137-->[:expo-file-system] AndroidManifest.xml:27:13-74
138            android:exported="false"
138-->[:expo-file-system] AndroidManifest.xml:28:13-37
139            android:grantUriPermissions="true" >
139-->[:expo-file-system] AndroidManifest.xml:29:13-47
140            <meta-data
140-->[:expo-file-system] AndroidManifest.xml:31:13-33:70
141                android:name="android.support.FILE_PROVIDER_PATHS"
141-->[:expo-file-system] AndroidManifest.xml:32:17-67
142                android:resource="@xml/file_system_provider_paths" />
142-->[:expo-file-system] AndroidManifest.xml:33:17-67
143        </provider>
144
145        <service
145-->[:expo-location] AndroidManifest.xml:16:9-19:56
146            android:name="expo.modules.location.services.LocationTaskService"
146-->[:expo-location] AndroidManifest.xml:17:13-78
147            android:exported="false"
147-->[:expo-location] AndroidManifest.xml:18:13-37
148            android:foregroundServiceType="location" />
148-->[:expo-location] AndroidManifest.xml:19:13-53
149
150        <meta-data
150-->[:expo-modules-core] AndroidManifest.xml:12:9-14:89
151            android:name="org.unimodules.core.AppLoader#react-native-headless"
151-->[:expo-modules-core] AndroidManifest.xml:13:13-79
152            android:value="expo.modules.adapters.react.apploader.RNHeadlessAppLoader" />
152-->[:expo-modules-core] AndroidManifest.xml:14:13-86
153
154        <activity
154-->[com.google.firebase:firebase-auth:21.0.1] AndroidManifest.xml:27:9-44:20
155            android:name="com.google.firebase.auth.internal.GenericIdpActivity"
155-->[com.google.firebase:firebase-auth:21.0.1] AndroidManifest.xml:28:13-80
156            android:excludeFromRecents="true"
156-->[com.google.firebase:firebase-auth:21.0.1] AndroidManifest.xml:29:13-46
157            android:exported="true"
157-->[com.google.firebase:firebase-auth:21.0.1] AndroidManifest.xml:30:13-36
158            android:launchMode="singleTask"
158-->[com.google.firebase:firebase-auth:21.0.1] AndroidManifest.xml:31:13-44
159            android:theme="@android:style/Theme.Translucent.NoTitleBar" >
159-->[com.google.firebase:firebase-auth:21.0.1] AndroidManifest.xml:32:13-72
160            <intent-filter>
160-->[com.google.firebase:firebase-auth:21.0.1] AndroidManifest.xml:33:13-43:29
161                <action android:name="android.intent.action.VIEW" />
161-->src\main\AndroidManifest.xml:13:7-58
161-->src\main\AndroidManifest.xml:13:15-56
162
163                <category android:name="android.intent.category.DEFAULT" />
163-->src\main\AndroidManifest.xml:31:9-67
163-->src\main\AndroidManifest.xml:31:19-65
164                <category android:name="android.intent.category.BROWSABLE" />
164-->src\main\AndroidManifest.xml:14:7-67
164-->src\main\AndroidManifest.xml:14:17-65
165
166                <data
166-->src\main\AndroidManifest.xml:15:7-37
167                    android:host="firebase.auth"
168                    android:path="/"
169                    android:scheme="genericidp" />
169-->src\main\AndroidManifest.xml:15:13-35
170            </intent-filter>
171        </activity>
172        <activity
172-->[com.google.firebase:firebase-auth:21.0.1] AndroidManifest.xml:45:9-62:20
173            android:name="com.google.firebase.auth.internal.RecaptchaActivity"
173-->[com.google.firebase:firebase-auth:21.0.1] AndroidManifest.xml:46:13-79
174            android:excludeFromRecents="true"
174-->[com.google.firebase:firebase-auth:21.0.1] AndroidManifest.xml:47:13-46
175            android:exported="true"
175-->[com.google.firebase:firebase-auth:21.0.1] AndroidManifest.xml:48:13-36
176            android:launchMode="singleTask"
176-->[com.google.firebase:firebase-auth:21.0.1] AndroidManifest.xml:49:13-44
177            android:theme="@android:style/Theme.Translucent.NoTitleBar" >
177-->[com.google.firebase:firebase-auth:21.0.1] AndroidManifest.xml:50:13-72
178            <intent-filter>
178-->[com.google.firebase:firebase-auth:21.0.1] AndroidManifest.xml:51:13-61:29
179                <action android:name="android.intent.action.VIEW" />
179-->src\main\AndroidManifest.xml:13:7-58
179-->src\main\AndroidManifest.xml:13:15-56
180
181                <category android:name="android.intent.category.DEFAULT" />
181-->src\main\AndroidManifest.xml:31:9-67
181-->src\main\AndroidManifest.xml:31:19-65
182                <category android:name="android.intent.category.BROWSABLE" />
182-->src\main\AndroidManifest.xml:14:7-67
182-->src\main\AndroidManifest.xml:14:17-65
183
184                <data
184-->src\main\AndroidManifest.xml:15:7-37
185                    android:host="firebase.auth"
186                    android:path="/"
187                    android:scheme="recaptcha" />
187-->src\main\AndroidManifest.xml:15:13-35
188            </intent-filter>
189        </activity>
190
191        <service
191-->[com.google.firebase:firebase-auth:21.0.1] AndroidManifest.xml:64:9-73:19
192            android:name="com.google.firebase.auth.api.fallback.service.FirebaseAuthFallbackService"
192-->[com.google.firebase:firebase-auth:21.0.1] AndroidManifest.xml:65:13-101
193            android:enabled="true"
193-->[com.google.firebase:firebase-auth:21.0.1] AndroidManifest.xml:66:13-35
194            android:exported="false" >
194-->[com.google.firebase:firebase-auth:21.0.1] AndroidManifest.xml:67:13-37
195            <intent-filter>
195-->[com.google.firebase:firebase-auth:21.0.1] AndroidManifest.xml:68:13-72:29
196                <action android:name="com.google.firebase.auth.api.gms.service.START" />
196-->[com.google.firebase:firebase-auth:21.0.1] AndroidManifest.xml:69:17-89
196-->[com.google.firebase:firebase-auth:21.0.1] AndroidManifest.xml:69:25-86
197
198                <category android:name="android.intent.category.DEFAULT" />
198-->src\main\AndroidManifest.xml:31:9-67
198-->src\main\AndroidManifest.xml:31:19-65
199            </intent-filter>
200        </service>
201
202        <provider
202-->[com.google.firebase:firebase-common:20.0.0] AndroidManifest.xml:26:9-31:39
203            android:name="com.google.firebase.provider.FirebaseInitProvider"
203-->[com.google.firebase:firebase-common:20.0.0] AndroidManifest.xml:27:13-77
204            android:authorities="com.gpstracker.nativeapp.firebaseinitprovider"
204-->[com.google.firebase:firebase-common:20.0.0] AndroidManifest.xml:28:13-72
205            android:directBootAware="true"
205-->[com.google.firebase:firebase-common:20.0.0] AndroidManifest.xml:29:13-43
206            android:exported="false"
206-->[com.google.firebase:firebase-common:20.0.0] AndroidManifest.xml:30:13-37
207            android:initOrder="100" />
207-->[com.google.firebase:firebase-common:20.0.0] AndroidManifest.xml:31:13-36
208        <provider
208-->[com.mapbox.mapboxsdk:mapbox-android-telemetry:6.1.0] AndroidManifest.xml:18:9-22:39
209            android:name="com.mapbox.android.telemetry.provider.MapboxTelemetryInitProvider"
209-->[com.mapbox.mapboxsdk:mapbox-android-telemetry:6.1.0] AndroidManifest.xml:19:13-93
210            android:authorities="com.gpstracker.nativeapp.mapboxtelemetryinitprovider"
210-->[com.mapbox.mapboxsdk:mapbox-android-telemetry:6.1.0] AndroidManifest.xml:20:13-79
211            android:exported="false"
211-->[com.mapbox.mapboxsdk:mapbox-android-telemetry:6.1.0] AndroidManifest.xml:21:13-37
212            android:initOrder="100" />
212-->[com.mapbox.mapboxsdk:mapbox-android-telemetry:6.1.0] AndroidManifest.xml:22:13-36
213
214        <service
214-->[com.mapbox.mapboxsdk:mapbox-android-telemetry:6.1.0] AndroidManifest.xml:24:9-26:72
215            android:name="com.mapbox.android.telemetry.errors.ErrorReporterJobIntentService"
215-->[com.mapbox.mapboxsdk:mapbox-android-telemetry:6.1.0] AndroidManifest.xml:25:13-93
216            android:permission="android.permission.BIND_JOB_SERVICE" />
216-->[com.mapbox.mapboxsdk:mapbox-android-telemetry:6.1.0] AndroidManifest.xml:26:13-69
217
218        <activity
218-->[com.google.android.gms:play-services-auth:19.2.0] AndroidManifest.xml:23:9-27:75
219            android:name="com.google.android.gms.auth.api.signin.internal.SignInHubActivity"
219-->[com.google.android.gms:play-services-auth:19.2.0] AndroidManifest.xml:24:13-93
220            android:excludeFromRecents="true"
220-->[com.google.android.gms:play-services-auth:19.2.0] AndroidManifest.xml:25:13-46
221            android:exported="false"
221-->[com.google.android.gms:play-services-auth:19.2.0] AndroidManifest.xml:26:13-37
222            android:theme="@android:style/Theme.Translucent.NoTitleBar" />
222-->[com.google.android.gms:play-services-auth:19.2.0] AndroidManifest.xml:27:13-72
223        <!--
224            Service handling Google Sign-In user revocation. For apps that do not integrate with
225            Google Sign-In, this service will never be started.
226        -->
227        <service
227-->[com.google.android.gms:play-services-auth:19.2.0] AndroidManifest.xml:33:9-37:51
228            android:name="com.google.android.gms.auth.api.signin.RevocationBoundService"
228-->[com.google.android.gms:play-services-auth:19.2.0] AndroidManifest.xml:34:13-89
229            android:exported="true"
229-->[com.google.android.gms:play-services-auth:19.2.0] AndroidManifest.xml:35:13-36
230            android:permission="com.google.android.gms.auth.api.signin.permission.REVOCATION_NOTIFICATION"
230-->[com.google.android.gms:play-services-auth:19.2.0] AndroidManifest.xml:36:13-107
231            android:visibleToInstantApps="true" />
231-->[com.google.android.gms:play-services-auth:19.2.0] AndroidManifest.xml:37:13-48
232
233        <activity
233-->[com.google.android.gms:play-services-base:17.5.0] AndroidManifest.xml:23:9-26:75
234            android:name="com.google.android.gms.common.api.GoogleApiActivity"
234-->[com.google.android.gms:play-services-base:17.5.0] AndroidManifest.xml:24:13-79
235            android:exported="false"
235-->[com.google.android.gms:play-services-base:17.5.0] AndroidManifest.xml:25:13-37
236            android:theme="@android:style/Theme.Translucent.NoTitleBar" />
236-->[com.google.android.gms:play-services-base:17.5.0] AndroidManifest.xml:26:13-72
237
238        <receiver
238-->[com.google.android.gms:play-services-measurement:20.0.0] AndroidManifest.xml:29:9-33:20
239            android:name="com.google.android.gms.measurement.AppMeasurementReceiver"
239-->[com.google.android.gms:play-services-measurement:20.0.0] AndroidManifest.xml:30:13-85
240            android:enabled="true"
240-->[com.google.android.gms:play-services-measurement:20.0.0] AndroidManifest.xml:31:13-35
241            android:exported="false" >
241-->[com.google.android.gms:play-services-measurement:20.0.0] AndroidManifest.xml:32:13-37
242        </receiver>
243
244        <service
244-->[com.google.android.gms:play-services-measurement:20.0.0] AndroidManifest.xml:35:9-38:40
245            android:name="com.google.android.gms.measurement.AppMeasurementService"
245-->[com.google.android.gms:play-services-measurement:20.0.0] AndroidManifest.xml:36:13-84
246            android:enabled="true"
246-->[com.google.android.gms:play-services-measurement:20.0.0] AndroidManifest.xml:37:13-35
247            android:exported="false" />
247-->[com.google.android.gms:play-services-measurement:20.0.0] AndroidManifest.xml:38:13-37
248        <service
248-->[com.google.android.gms:play-services-measurement:20.0.0] AndroidManifest.xml:39:9-43:72
249            android:name="com.google.android.gms.measurement.AppMeasurementJobService"
249-->[com.google.android.gms:play-services-measurement:20.0.0] AndroidManifest.xml:40:13-87
250            android:enabled="true"
250-->[com.google.android.gms:play-services-measurement:20.0.0] AndroidManifest.xml:41:13-35
251            android:exported="false"
251-->[com.google.android.gms:play-services-measurement:20.0.0] AndroidManifest.xml:42:13-37
252            android:permission="android.permission.BIND_JOB_SERVICE" />
252-->[com.google.android.gms:play-services-measurement:20.0.0] AndroidManifest.xml:43:13-69
253
254        <meta-data
254-->[com.google.android.gms:play-services-basement:17.5.0] AndroidManifest.xml:23:9-25:69
255            android:name="com.google.android.gms.version"
255-->[com.google.android.gms:play-services-basement:17.5.0] AndroidManifest.xml:24:13-58
256            android:value="@integer/google_play_services_version" />
256-->[com.google.android.gms:play-services-basement:17.5.0] AndroidManifest.xml:25:13-66
257
258        <service
258-->[androidx.room:room-runtime:2.1.0] AndroidManifest.xml:25:9-27:40
259            android:name="androidx.room.MultiInstanceInvalidationService"
259-->[androidx.room:room-runtime:2.1.0] AndroidManifest.xml:26:13-74
260            android:exported="false" />
260-->[androidx.room:room-runtime:2.1.0] AndroidManifest.xml:27:13-37
261        <service
261-->[io.nlopez.smartlocation:library:3.2.11] AndroidManifest.xml:19:9-21:40
262            android:name="io.nlopez.smartlocation.activity.providers.ActivityGooglePlayServicesProvider$ActivityRecognitionService"
262-->[io.nlopez.smartlocation:library:3.2.11] AndroidManifest.xml:20:13-132
263            android:exported="false" />
263-->[io.nlopez.smartlocation:library:3.2.11] AndroidManifest.xml:21:13-37
264        <service
264-->[io.nlopez.smartlocation:library:3.2.11] AndroidManifest.xml:22:9-24:40
265            android:name="io.nlopez.smartlocation.geofencing.providers.GeofencingGooglePlayServicesProvider$GeofencingService"
265-->[io.nlopez.smartlocation:library:3.2.11] AndroidManifest.xml:23:13-127
266            android:exported="false" />
266-->[io.nlopez.smartlocation:library:3.2.11] AndroidManifest.xml:24:13-37
267        <service
267-->[io.nlopez.smartlocation:library:3.2.11] AndroidManifest.xml:25:9-27:40
268            android:name="io.nlopez.smartlocation.geocoding.providers.AndroidGeocodingProvider$AndroidGeocodingService"
268-->[io.nlopez.smartlocation:library:3.2.11] AndroidManifest.xml:26:13-120
269            android:exported="false" />
269-->[io.nlopez.smartlocation:library:3.2.11] AndroidManifest.xml:27:13-37
270    </application>
271
272</manifest>